生成启动时间为 2015/11/13 17:19:34。
     1>项目“C:\Users\guguli\Documents\GitHub\win32plot\plot\plot\plot.vcxproj”在节点 2 上(Build 个目标)。
     1>ClCompile:
         C:\Program Files (x86)\Microsoft Visual Studio 11.0\VC\bin\CL.exe /c /Zi /nologo /W3 /WX- /sdl /O2 /Oi /Oy- /GL /D WIN32 /D NDEBUG /D _WINDOWS /D _UNICODE /D UNICODE /Gm- /EHsc /MD /GS /Gy /fp:precise /Zc:wchar_t /Zc:forScope /Yc"stdafx.h" /Fp"Release\plot.pch" /Fo"Release\\" /Fd"Release\vc110.pdb" /Gd /TP /analyze- /errorReport:prompt stdafx.cpp
         stdafx.cpp
         C:\Program Files (x86)\Microsoft Visual Studio 11.0\VC\bin\CL.exe /c /Zi /nologo /W3 /WX- /sdl /O2 /Oi /Oy- /GL /D WIN32 /D NDEBUG /D _WINDOWS /D _UNICODE /D UNICODE /Gm- /EHsc /MD /GS /Gy /fp:precise /Zc:wchar_t /Zc:forScope /Yu"stdafx.h" /Fp"Release\plot.pch" /Fo"Release\\" /Fd"Release\vc110.pdb" /Gd /TP /analyze- /errorReport:prompt VT_func.cpp global_val.cpp inter_change.cpp parse.cpp plot.cpp regex_trans.cpp
         VT_func.cpp
         global_val.cpp
         inter_change.cpp
         parse.cpp
         plot.cpp
     1>plot.cpp(341): warning C4244: “初始化”: 从“float”转换到“int”，可能丢失数据
     1>plot.cpp(342): warning C4244: “初始化”: 从“float”转换到“int”，可能丢失数据
     1>plot.cpp(343): warning C4244: “初始化”: 从“float”转换到“int”，可能丢失数据
     1>plot.cpp(344): warning C4244: “初始化”: 从“float”转换到“int”，可能丢失数据
     1>plot.cpp(581): warning C4244: “=”: 从“double”转换到“float”，可能丢失数据
         regex_trans.cpp
     1>regex_trans.cpp(105): warning C4244: “初始化”: 从“double”转换到“float”，可能丢失数据
       Link:
         C:\Program Files (x86)\Microsoft Visual Studio 11.0\VC\bin\link.exe /ERRORREPORT:PROMPT /OUT:"C:\Users\guguli\Documents\GitHub\win32plot\plot\Release\plot.exe" /INCREMENTAL:NO /NOLOGO kernel32.lib user32.lib gdi32.lib winspool.lib comdlg32.lib advapi32.lib shell32.lib ole32.lib oleaut32.lib uuid.lib odbc32.lib odbccp32.lib /MANIFEST /MANIFESTUAC:"level='asInvoker' uiAccess='false'" /manifest:embed /DEBUG /PDB:"C:\Users\guguli\Documents\GitHub\win32plot\plot\Release\plot.pdb" /SUBSYSTEM:WINDOWS /OPT:REF /OPT:ICF /LTCG /TLBID:1 /DYNAMICBASE /NXCOMPAT /IMPLIB:"C:\Users\guguli\Documents\GitHub\win32plot\plot\Release\plot.lib" /MACHINE:X86 /SAFESEH Release\plot.res
         Release\global_val.obj
         Release\inter_change.obj
         Release\parse.obj
         Release\plot.obj
         Release\regex_trans.obj
         Release\stdafx.obj
         Release\VT_func.obj
         正在生成代码
     1>c:\users\guguli\documents\github\win32plot\plot\plot\regex_trans.cpp(141): warning C4715: “calc”: 不是所有的控件路径都返回值
         已完成代码的生成
         plot.vcxproj -> C:\Users\guguli\Documents\GitHub\win32plot\plot\Release\plot.exe
     1>已完成生成项目“C:\Users\guguli\Documents\GitHub\win32plot\plot\plot\plot.vcxproj”(Build 个目标)的操作。

生成成功。

已用时间 00:00:05.47
